2026-03-12 14:21:48 INFO  [background-preinit] o.h.validator.internal.util.Version - HV000001: Hibernate Validator 8.0.1.Final
2026-03-12 14:21:48 INFO  [main] c.e.f.FinanceManagerApplication - Starting FinanceManagerApplication using Java 21.0.9 with PID 21024 (E:\Java\l\finance-example\backend\target\classes started by dell in E:\Java\l\finance-example\backend)
2026-03-12 14:21:48 DEBUG [main] c.e.f.FinanceManagerApplication - Running with Spring Boot v3.3.6, Spring v6.1.15
2026-03-12 14:21:48 INFO  [main] c.e.f.FinanceManagerApplication - The following 1 profile is active: "dev"
2026-03-12 14:21:49 INFO  [main] o.s.b.w.e.tomcat.TomcatWebServer - Tomcat initialized with port 8080 (http)
2026-03-12 14:21:49 INFO  [main] o.a.coyote.http11.Http11NioProtocol - Initializing ProtocolHandler ["http-nio-8080"]
2026-03-12 14:21:49 INFO  [main] o.a.catalina.core.StandardService - Starting service [Tomcat]
2026-03-12 14:21:49 INFO  [main] o.a.catalina.core.StandardEngine - Starting Servlet engine: [Apache Tomcat/10.1.33]
2026-03-12 14:21:49 INFO  [main] o.a.c.c.C.[Tomcat].[localhost].[/] - Initializing Spring embedded WebApplicationContext
2026-03-12 14:21:49 INFO  [main] o.s.b.w.s.c.ServletWebServerApplicationContext - Root WebApplicationContext: initialization completed in 1549 ms
2026-03-12 14:21:50 DEBUG [main] c.e.f.s.JwtAuthenticationFilter - Filter 'jwtAuthenticationFilter' configured for use
2026-03-12 14:21:50 ERROR [main] c.b.m.core.MybatisConfiguration - mapper[com.example.financemanager.mapper.AccountMapper.updateBalance] is ignored, because it exists, maybe from xml file
2026-03-12 14:21:50 WARN  [main] o.s.b.a.s.s.UserDetailsServiceAutoConfiguration - 

Using generated security password: 55be7537-d851-4df4-8bfa-527318e287eb

This generated password is for development use only. Your security configuration must be updated before running your application in production.

2026-03-12 14:21:50 INFO  [main] o.s.s.c.a.a.c.InitializeUserDetailsBeanManagerConfigurer$InitializeUserDetailsManagerConfigurer - Global AuthenticationManager configured with UserDetailsService bean with name inMemoryUserDetailsManager
2026-03-12 14:21:51 INFO  [main] o.a.coyote.http11.Http11NioProtocol - Starting ProtocolHandler ["http-nio-8080"]
2026-03-12 14:21:51 INFO  [main] o.s.b.w.e.tomcat.TomcatWebServer - Tomcat started on port 8080 (http) with context path '/'
2026-03-12 14:21:51 INFO  [main] c.e.f.FinanceManagerApplication - Started FinanceManagerApplication in 3.859 seconds (process running for 4.494)
2026-03-12 14:22:26 INFO  [http-nio-8080-exec-1] o.a.c.c.C.[Tomcat].[localhost].[/] - Initializing Spring DispatcherServlet 'dispatcherServlet'
2026-03-12 14:22:26 INFO  [http-nio-8080-exec-1] o.s.web.servlet.DispatcherServlet - Initializing Servlet 'dispatcherServlet'
2026-03-12 14:22:26 INFO  [http-nio-8080-exec-1] o.s.web.servlet.DispatcherServlet - Completed initialization in 1 ms
2026-03-12 14:22:51 INFO  [http-nio-8080-exec-2] com.zaxxer.hikari.HikariDataSource - HikariPool-1 - Starting...
2026-03-12 14:22:51 INFO  [http-nio-8080-exec-2] com.zaxxer.hikari.pool.HikariPool - HikariPool-1 - Added connection com.mysql.cj.jdbc.ConnectionImpl@3787f50b
2026-03-12 14:22:51 INFO  [http-nio-8080-exec-2] com.zaxxer.hikari.HikariDataSource - HikariPool-1 - Start completed.
2026-03-12 14:22:51 INFO  [http-nio-8080-exec-2] c.e.f.service.impl.UserServiceImpl - 用户注册尝试：username=user1
2026-03-12 14:22:52 INFO  [http-nio-8080-exec-2] c.e.f.service.impl.UserServiceImpl - 正在为新用户 user1 初始化默认账户和分类
2026-03-12 14:22:52 INFO  [http-nio-8080-exec-2] c.e.f.s.impl.AccountServiceImpl - 正在为用户 1 初始化默认账户
2026-03-12 14:23:01 INFO  [http-nio-8080-exec-3] c.e.f.service.impl.UserServiceImpl - 用户登录尝试：username=user1
2026-03-12 14:50:49 INFO  [http-nio-8080-exec-2] c.e.f.service.impl.UserServiceImpl - 用户登录尝试：username=user1
2026-03-12 14:53:01 INFO  [SpringApplicationShutdownHook] com.zaxxer.hikari.HikariDataSource - HikariPool-1 - Shutdown initiated...
2026-03-12 14:53:01 INFO  [SpringApplicationShutdownHook] com.zaxxer.hikari.HikariDataSource - HikariPool-1 - Shutdown completed.
